[1111/212551.715:ERROR:directory_reader_win.cc(43)] FindFirstFile: Le chemin d’accès spécifié est introuvable. (0x3)
[1111/225746.987:ERROR:process_memory_win.cc(73)] ReadMemory at 0x7ff72be00000 of 64 bytes failed: Seule une partie d’une requête ReadProcessMemory ou WriteProcessMemory a été effectuée. (0x12B)
[1111/225747.207:WARNING:pe_image_reader.cc(340)] could not read dos header from C:\Program Files (x86)\Google\Chrome\Application\chrome.exe
[1111/225747.207:ERROR:process_memory_win.cc(73)] ReadMemory at 0x7ffff1f60000 of 64 bytes failed: Seule une partie d’une requête ReadProcessMemory ou WriteProcessMemory a été effectuée. (0x12B)
[1111/225747.207:WARNING:pe_image_reader.cc(340)] could not read dos header from C:\WINDOWS\SYSTEM32\ntdll.dll
[1111/225747.209:ERROR:process_memory_win.cc(73)] ReadMemory at 0x7ffff0e80000 of 64 bytes failed: Seule une partie d’une requête ReadProcessMemory ou WriteProcessMemory a été effectuée. (0x12B)
[1111/225747.209:WARNING:pe_image_reader.cc(340)] could not read dos header from C:\WINDOWS\System32\KERNEL32.dll
[1111/225747.209:ERROR:process_memory_win.cc(73)] ReadMemory at 0x7fffeeee0000 of 64 bytes failed: Seule une partie d’une requête ReadProcessMemory ou WriteProcessMemory a été effectuée. (0x12B)
[1111/225747.209:WARNING:pe_image_reader.cc(340)] could not read dos header from C:\WINDOWS\System32\KERNELBASE.dll
[1111/225747.209:ERROR:process_memory_win.cc(73)] ReadMemory at 0x7fffb8a80000 of 64 bytes failed: Seule une partie d’une requête ReadProcessMemory ou WriteProcessMemory a été effectuée. (0x12B)
[1111/225747.209:WARNING:pe_image_reader.cc(340)] could not read dos header from C:\Program Files (x86)\Google\Chrome\Application\86.0.4240.183\chrome_elf.dll
[1111/225747.210:ERROR:process_memory_win.cc(73)] ReadMemory at 0x7fffea740000 of 64 bytes failed: Seule une partie d’une requête ReadProcessMemory ou WriteProcessMemory a été effectuée. (0x12B)
[1111/225747.210:WARNING:pe_image_reader.cc(340)] could not read dos header from C:\WINDOWS\SYSTEM32\VERSION.dll
[1111/225747.210:ERROR:process_memory_win.cc(73)] ReadMemory at 0x7ffff1e80000 of 64 bytes failed: Seule une partie d’une requête ReadProcessMemory ou WriteProcessMemory a été effectuée. (0x12B)
[1111/225747.210:WARNING:pe_image_reader.cc(340)] could not read dos header from C:\WINDOWS\System32\msvcrt.dll
[1111/225747.210:ERROR:process_memory_win.cc(73)] ReadMemory at 0x7fffef680000 of 64 bytes failed: Seule une partie d’une requête ReadProcessMemory ou WriteProcessMemory a été effectuée. (0x12B)
[1111/225747.210:WARNING:pe_image_reader.cc(340)] could not read dos header from C:\WINDOWS\System32\bcryptPrimitives.dll
[1111/225747.210:ERROR:process_memory_win.cc(73)] ReadMemory at 0x7ffff0970000 of 64 bytes failed: Seule une partie d’une requête ReadProcessMemory ou WriteProcessMemory a été effectuée. (0x12B)
[1111/225747.210:WARNING:pe_image_reader.cc(340)] could not read dos header from C:\WINDOWS\System32\ADVAPI32.dll
[1111/225747.210:ERROR:process_memory_win.cc(73)] ReadMemory at 0x7ffff19d0000 of 64 bytes failed: Seule une partie d’une requête ReadProcessMemory ou WriteProcessMemory a été effectuée. (0x12B)
[1111/225747.210:WARNING:pe_image_reader.cc(340)] could not read dos header from C:\WINDOWS\System32\sechost.dll
[1111/225747.210:ERROR:process_memory_win.cc(73)] ReadMemory at 0x7ffff0d60000 of 64 bytes failed: Seule une partie d’une requête ReadProcessMemory ou WriteProcessMemory a été effectuée. (0x12B)
[1111/225747.210:WARNING:pe_image_reader.cc(340)] could not read dos header from C:\WINDOWS\System32\RPCRT4.dll
[1111/225747.210:ERROR:process_memory_win.cc(73)] ReadMemory at 0x7fff7d450000 of 64 bytes failed: Seule une partie d’une requête ReadProcessMemory ou WriteProcessMemory a été effectuée. (0x12B)
[1111/225747.210:WARNING:pe_image_reader.cc(340)] could not read dos header from C:\Program Files (x86)\Google\Chrome\Application\86.0.4240.183\chrome.dll
[1111/225747.210:ERROR:process_memory_win.cc(73)] ReadMemory at 0x7ffff1a70000 of 64 bytes failed: Seule une partie d’une requête ReadProcessMemory ou WriteProcessMemory a été effectuée. (0x12B)
[1111/225747.211:WARNING:pe_image_reader.cc(340)] could not read dos header from C:\WINDOWS\System32\WS2_32.dll
[1111/225747.211:ERROR:process_memory_win.cc(73)] ReadMemory at 0x7ffff1b40000 of 64 bytes failed: Seule une partie d’une requête ReadProcessMemory ou WriteProcessMemory a été effectuée. (0x12B)
[1111/225747.211:WARNING:pe_image_reader.cc(340)] could not read dos header from C:\WINDOWS\System32\OLEAUT32.dll
[1111/225747.211:ERROR:process_memory_win.cc(73)] ReadMemory at 0x7fffeff70000 of 64 bytes failed: Seule une partie d’une requête ReadProcessMemory ou WriteProcessMemory a été effectuée. (0x12B)
[1111/225747.211:WARNING:pe_image_reader.cc(340)] could not read dos header from C:\WINDOWS\System32\msvcp_win.dll
[1111/225747.211:ERROR:process_memory_win.cc(73)] ReadMemory at 0x7fffef4d0000 of 64 bytes failed: Seule une partie d’une requête ReadProcessMemory ou WriteProcessMemory a été effectuée. (0x12B)
[1111/225747.211:WARNING:pe_image_reader.cc(340)] could not read dos header from C:\WINDOWS\System32\ucrtbase.dll
[1111/225747.211:ERROR:process_memory_win.cc(73)] ReadMemory at 0x7ffff0a20000 of 64 bytes failed: Seule une partie d’une requête ReadProcessMemory ou WriteProcessMemory a été effectuée. (0x12B)
[1111/225747.211:WARNING:pe_image_reader.cc(340)] could not read dos header from C:\WINDOWS\System32\combase.dll
[1111/225747.211:ERROR:process_memory_win.cc(73)] ReadMemory at 0x7fffef620000 of 64 bytes failed: Seule une partie d’une requête ReadProcessMemory ou WriteProcessMemory a été effectuée. (0x12B)
[1111/225747.211:WARNING:pe_image_reader.cc(340)] could not read dos header from C:\WINDOWS\System32\WINTRUST.dll
[1111/225747.211:ERROR:process_memory_win.cc(73)] ReadMemory at 0x7fffeee20000 of 64 bytes failed: Seule une partie d’une requête ReadProcessMemory ou WriteProcessMemory a été effectuée. (0x12B)
[1111/225747.211:WARNING:pe_image_reader.cc(340)] could not read dos header from C:\WINDOWS\System32\MSASN1.dll
[1111/225747.211:ERROR:process_memory_win.cc(73)] ReadMemory at 0x7fffef1e0000 of 64 bytes failed: Seule une partie d’une requête ReadProcessMemory ou WriteProcessMemory a été effectuée. (0x12B)
[1111/225747.211:WARNING:pe_image_reader.cc(340)] could not read dos header from C:\WINDOWS\System32\CRYPT32.dll
[1111/225747.211:ERROR:process_memory_win.cc(73)] ReadMemory at 0x7fffed6e0000 of 64 bytes failed: Seule une partie d’une requête ReadProcessMemory ou WriteProcessMemory a été effectuée. (0x12B)
[1111/225747.212:WARNING:pe_image_reader.cc(340)] could not read dos header from C:\WINDOWS\SYSTEM32\dbghelp.dll
[1111/225747.212:ERROR:process_memory_win.cc(73)] ReadMemory at 0x7fffee320000 of 64 bytes failed: Seule une partie d’une requête ReadProcessMemory ou WriteProcessMemory a été effectuée. (0x12B)
[1111/225747.212:WARNING:pe_image_reader.cc(340)] could not read dos header from C:\WINDOWS\SYSTEM32\IPHLPAPI.DLL
[1111/225747.212:ERROR:process_memory_win.cc(73)] ReadMemory at 0x7fffec660000 of 64 bytes failed: Seule une partie d’une requête ReadProcessMemory ou WriteProcessMemory a été effectuée. (0x12B)
[1111/225747.212:WARNING:pe_image_reader.cc(340)] could not read dos header from C:\WINDOWS\SYSTEM32\WINMM.dll
[1111/225747.212:ERROR:process_memory_win.cc(73)] ReadMemory at 0x7fffde530000 of 64 bytes failed: Seule une partie d’une requête ReadProcessMemory ou WriteProcessMemory a été effectuée. (0x12B)
[1111/225747.212:WARNING:pe_image_reader.cc(340)] could not read dos header from C:\WINDOWS\SYSTEM32\UIAutomationCore.DLL
[1111/225747.212:ERROR:process_memory_win.cc(73)] ReadMemory at 0x7fffdabe0000 of 64 bytes failed: Seule une partie d’une requête ReadProcessMemory ou WriteProcessMemory a été effectuée. (0x12B)
[1111/225747.212:WARNING:pe_image_reader.cc(340)] could not read dos header from C:\WINDOWS\SYSTEM32\Secur32.dll
[1111/225747.212:ERROR:process_memory_win.cc(73)] ReadMemory at 0x7fffeed30000 of 64 bytes failed: Seule une partie d’une requête ReadProcessMemory ou WriteProcessMemory a été effectuée. (0x12B)
[1111/225747.212:WARNING:pe_image_reader.cc(340)] could not read dos header from C:\WINDOWS\SYSTEM32\USERENV.dll
[1111/225747.212:ERROR:process_memory_win.cc(73)] ReadMemory at 0x7fffeeeb0000 of 64 bytes failed: Seule une partie d’une requête ReadProcessMemory ou WriteProcessMemory a été effectuée. (0x12B)
[1111/225747.212:WARNING:pe_image_reader.cc(340)] could not read dos header from C:\WINDOWS\System32\profapi.dll
[1111/225747.212:ERROR:process_memory_win.cc(73)] ReadMemory at 0x7fffdcf50000 of 64 bytes failed: Seule une partie d’une requête ReadProcessMemory ou WriteProcessMemory a été effectuée. (0x12B)
[1111/225747.212:WARNING:pe_image_reader.cc(340)] could not read dos header from C:\WINDOWS\SYSTEM32\DWrite.dll
[1111/225747.212:ERROR:process_memory_win.cc(73)] ReadMemory at 0x7fffe4370000 of 64 bytes failed: Seule une partie d’une requête ReadProcessMemory ou WriteProcessMemory a été effectuée. (0x12B)
[1111/225747.213:WARNING:pe_image_reader.cc(340)] could not read dos header from C:\WINDOWS\SYSTEM32\WINSPOOL.DRV
[1111/225747.213:ERROR:process_memory_win.cc(73)] ReadMemory at 0x7fffeee40000 of 64 bytes failed: Seule une partie d’une requête ReadProcessMemory ou WriteProcessMemory a été effectuée. (0x12B)
[1111/225747.213:WARNING:pe_image_reader.cc(340)] could not read dos header from C:\WINDOWS\System32\kernel.appcore.dll
[1111/225747.213:ERROR:process_memory_win.cc(73)] ReadMemory at 0x7fffef700000 of 64 bytes failed: Seule une partie d’une requête ReadProcessMemory ou WriteProcessMemory a été effectuée. (0x12B)
[1111/225747.213:WARNING:pe_image_reader.cc(340)] could not read dos header from C:\WINDOWS\System32\bcrypt.dll
[1111/225747.213:ERROR:process_memory_win.cc(73)] ReadMemory at 0x7fffdd790000 of 64 bytes failed: Seule une partie d’une requête ReadProcessMemory ou WriteProcessMemory a été effectuée. (0x12B)
[1111/225747.213:WARNING:pe_image_reader.cc(340)] could not read dos header from C:\WINDOWS\SYSTEM32\WINHTTP.dll
[1111/225747.213:ERROR:process_memory_win.cc(73)] ReadMemory at 0x7fffe3620000 of 64 bytes failed: Seule une partie d’une requête ReadProcessMemory ou WriteProcessMemory a été effectuée. (0x12B)
[1111/225747.213:WARNING:pe_image_reader.cc(340)] could not read dos header from C:\WINDOWS\SYSTEM32\dhcpcsvc.DLL
[1111/225747.213:ERROR:process_memory_win.cc(73)] ReadMemory at 0x7ffff1e70000 of 64 bytes failed: Seule une partie d’une requête ReadProcessMemory ou WriteProcessMemory a été effectuée. (0x12B)
[1111/225747.213:WARNING:pe_image_reader.cc(340)] could not read dos header from C:\WINDOWS\System32\NSI.dll
[1111/225747.213:ERROR:process_memory_win.cc(73)] ReadMemory at 0x7fffec3d0000 of 64 bytes failed: Seule une partie d’une requête ReadProcessMemory ou WriteProcessMemory a été effectuée. (0x12B)
[1111/225747.213:WARNING:pe_image_reader.cc(340)] could not read dos header from C:\WINDOWS\SYSTEM32\WINMMBASE.dll
[1111/225747.213:ERROR:process_memory_win.cc(73)] ReadMemory at 0x7fffef5d0000 of 64 bytes failed: Seule une partie d’une requête ReadProcessMemory ou WriteProcessMemory a été effectuée. (0x12B)
[1111/225747.213:WARNING:pe_image_reader.cc(340)] could not read dos header from C:\WINDOWS\System32\cfgmgr32.dll
[1111/225747.214:ERROR:process_memory_win.cc(73)] ReadMemory at 0x7fffeb430000 of 64 bytes failed: Seule une partie d’une requête ReadProcessMemory ou WriteProcessMemory a été effectuée. (0x12B)
[1111/225747.214:WARNING:pe_image_reader.cc(340)] could not read dos header from C:\WINDOWS\SYSTEM32\PROPSYS.dll
[1111/225747.214:ERROR:process_memory_win.cc(73)] ReadMemory at 0x7ffff0fa0000 of 64 bytes failed: Seule une partie d’une requête ReadProcessMemory ou WriteProcessMemory a été effectuée. (0x12B)
[1111/225747.214:WARNING:pe_image_reader.cc(340)] could not read dos header from C:\WINDOWS\System32\shcore.dll
[1111/225747.214:ERROR:process_memory_win.cc(73)] ReadMemory at 0x7fffeed00000 of 64 bytes failed: Seule une partie d’une requête ReadProcessMemory ou WriteProcessMemory a été effectuée. (0x12B)
[1111/225747.214:WARNING:pe_image_reader.cc(340)] could not read dos header from C:\WINDOWS\SYSTEM32\SSPICLI.DLL
[1111/225747.214:ERROR:process_memory_win.cc(73)] ReadMemory at 0x7ffff0760000 of 64 bytes failed: Seule une partie d’une requête ReadProcessMemory ou WriteProcessMemory a été effectuée. (0x12B)
[1111/225747.214:WARNING:pe_image_reader.cc(340)] could not read dos header from C:\WINDOWS\System32\ole32.dll
[1111/225747.214:ERROR:process_memory_win.cc(73)] ReadMemory at 0x7ffff1dc0000 of 64 bytes failed: Seule une partie d’une requête ReadProcessMemory ou WriteProcessMemory a été effectuée. (0x12B)
[1111/225747.214:WARNING:pe_image_reader.cc(340)] could not read dos header from C:\WINDOWS\System32\GDI32.dll
[1111/225747.214:ERROR:process_memory_win.cc(73)] ReadMemory at 0x7fffef1b0000 of 64 bytes failed: Seule une partie d’une requête ReadProcessMemory ou WriteProcessMemory a été effectuée. (0x12B)
[1111/225747.214:WARNING:pe_image_reader.cc(340)] could not read dos header from C:\WINDOWS\System32\win32u.dll
[1111/225747.214:ERROR:process_memory_win.cc(73)] ReadMemory at 0x7fffef330000 of 64 bytes failed: Seule une partie d’une requête ReadProcessMemory ou WriteProcessMemory a été effectuée. (0x12B)
[1111/225747.214:WARNING:pe_image_reader.cc(340)] could not read dos header from C:\WINDOWS\System32\gdi32full.dll
[1111/225747.214:ERROR:process_memory_win.cc(73)] ReadMemory at 0x7ffff10d0000 of 64 bytes failed: Seule une partie d’une requête ReadProcessMemory ou WriteProcessMemory a été effectuée. (0x12B)
[1111/225747.214:WARNING:pe_image_reader.cc(340)] could not read dos header from C:\WINDOWS\System32\USER32.dll
[1111/225747.214:ERROR:process_memory_win.cc(73)] ReadMemory at 0x7ffff0660000 of 64 bytes failed: Seule une partie d’une requête ReadProcessMemory ou WriteProcessMemory a été effectuée. (0x12B)
[1111/225747.215:WARNING:pe_image_reader.cc(340)] could not read dos header from C:\WINDOWS\System32\IMM32.DLL
[1111/225747.215:ERROR:process_memory_win.cc(73)] ReadMemory at 0x7fffee7e0000 of 64 bytes failed: Seule une partie d’une requête ReadProcessMemory ou WriteProcessMemory a été effectuée. (0x12B)
[1111/225747.215:WARNING:pe_image_reader.cc(340)] could not read dos header from C:\WINDOWS\SYSTEM32\CRYPTBASE.DLL
[1111/225747.887:ERROR:process_memory_win.cc(73)] ReadMemory at 0x7ff72be00000 of 64 bytes failed: Seule une partie d’une requête ReadProcessMemory ou WriteProcessMemory a été effectuée. (0x12B)
[1111/225747.887:WARNING:pe_image_reader.cc(340)] could not read dos header from C:\Program Files (x86)\Google\Chrome\Application\chrome.exe
[1111/225747.887:ERROR:process_memory_win.cc(73)] ReadMemory at 0x7ffff1f60000 of 64 bytes failed: Seule une partie d’une requête ReadProcessMemory ou WriteProcessMemory a été effectuée. (0x12B)
[1111/225747.887:WARNING:pe_image_reader.cc(340)] could not read dos header from C:\WINDOWS\SYSTEM32\ntdll.dll
[1111/225747.887:ERROR:process_memory_win.cc(73)] ReadMemory at 0x7ffff0e80000 of 64 bytes failed: Seule une partie d’une requête ReadProcessMemory ou WriteProcessMemory a été effectuée. (0x12B)
[1111/225747.887:WARNING:pe_image_reader.cc(340)] could not read dos header from C:\WINDOWS\System32\KERNEL32.dll
[1111/225747.887:ERROR:process_memory_win.cc(73)] ReadMemory at 0x7fffeeee0000 of 64 bytes failed: Seule une partie d’une requête ReadProcessMemory ou WriteProcessMemory a été effectuée. (0x12B)
[1111/225747.887:WARNING:pe_image_reader.cc(340)] could not read dos header from C:\WINDOWS\System32\KERNELBASE.dll
[1111/225747.887:ERROR:process_memory_win.cc(73)] ReadMemory at 0x7fffb8a80000 of 64 bytes failed: Seule une partie d’une requête ReadProcessMemory ou WriteProcessMemory a été effectuée. (0x12B)
[1111/225747.887:WARNING:pe_image_reader.cc(340)] could not read dos header from C:\Program Files (x86)\Google\Chrome\Application\86.0.4240.183\chrome_elf.dll
[1111/225747.887:ERROR:process_memory_win.cc(73)] ReadMemory at 0x7fffea740000 of 64 bytes failed: Seule une partie d’une requête ReadProcessMemory ou WriteProcessMemory a été effectuée. (0x12B)
[1111/225747.887:WARNING:pe_image_reader.cc(340)] could not read dos header from C:\WINDOWS\SYSTEM32\VERSION.dll
[1111/225747.888:ERROR:process_memory_win.cc(73)] ReadMemory at 0x7ffff1e80000 of 64 bytes failed: Seule une partie d’une requête ReadProcessMemory ou WriteProcessMemory a été effectuée. (0x12B)
[1111/225747.888:WARNING:pe_image_reader.cc(340)] could not read dos header from C:\WINDOWS\System32\msvcrt.dll
[1111/225747.888:ERROR:process_memory_win.cc(73)] ReadMemory at 0x7fffef680000 of 64 bytes failed: Seule une partie d’une requête ReadProcessMemory ou WriteProcessMemory a été effectuée. (0x12B)
[1111/225747.888:WARNING:pe_image_reader.cc(340)] could not read dos header from C:\WINDOWS\System32\bcryptPrimitives.dll
[1111/225747.888:ERROR:process_memory_win.cc(73)] ReadMemory at 0x7ffff0970000 of 64 bytes failed: Seule une partie d’une requête ReadProcessMemory ou WriteProcessMemory a été effectuée. (0x12B)
[1111/225747.888:WARNING:pe_image_reader.cc(340)] could not read dos header from C:\WINDOWS\System32\ADVAPI32.dll
[1111/225747.888:ERROR:process_memory_win.cc(73)] ReadMemory at 0x7ffff19d0000 of 64 bytes failed: Seule une partie d’une requête ReadProcessMemory ou WriteProcessMemory a été effectuée. (0x12B)
[1111/225747.888:WARNING:pe_image_reader.cc(340)] could not read dos header from C:\WINDOWS\System32\sechost.dll
[1111/225747.888:ERROR:process_memory_win.cc(73)] ReadMemory at 0x7ffff0d60000 of 64 bytes failed: Seule une partie d’une requête ReadProcessMemory ou WriteProcessMemory a été effectuée. (0x12B)
[1111/225747.888:WARNING:pe_image_reader.cc(340)] could not read dos header from C:\WINDOWS\System32\RPCRT4.dll
[1111/225747.888:ERROR:process_memory_win.cc(73)] ReadMemory at 0x7fff7d450000 of 64 bytes failed: Seule une partie d’une requête ReadProcessMemory ou WriteProcessMemory a été effectuée. (0x12B)
[1111/225747.888:WARNING:pe_image_reader.cc(340)] could not read dos header from C:\Program Files (x86)\Google\Chrome\Application\86.0.4240.183\chrome.dll
[1111/225747.888:ERROR:process_memory_win.cc(73)] ReadMemory at 0x7ffff1a70000 of 64 bytes failed: Seule une partie d’une requête ReadProcessMemory ou WriteProcessMemory a été effectuée. (0x12B)
[1111/225747.888:WARNING:pe_image_reader.cc(340)] could not read dos header from C:\WINDOWS\System32\WS2_32.dll
[1111/225747.889:ERROR:process_memory_win.cc(73)] ReadMemory at 0x7ffff1b40000 of 64 bytes failed: Seule une partie d’une requête ReadProcessMemory ou WriteProcessMemory a été effectuée. (0x12B)
[1111/225747.889:WARNING:pe_image_reader.cc(340)] could not read dos header from C:\WINDOWS\System32\OLEAUT32.dll
[1111/225747.889:ERROR:process_memory_win.cc(73)] ReadMemory at 0x7fffeff70000 of 64 bytes failed: Seule une partie d’une requête ReadProcessMemory ou WriteProcessMemory a été effectuée. (0x12B)
[1111/225747.889:WARNING:pe_image_reader.cc(340)] could not read dos header from C:\WINDOWS\System32\msvcp_win.dll
[1111/225747.889:ERROR:process_memory_win.cc(73)] ReadMemory at 0x7fffef4d0000 of 64 bytes failed: Seule une partie d’une requête ReadProcessMemory ou WriteProcessMemory a été effectuée. (0x12B)
[1111/225747.889:WARNING:pe_image_reader.cc(340)] could not read dos header from C:\WINDOWS\System32\ucrtbase.dll
[1111/225747.889:ERROR:process_memory_win.cc(73)] ReadMemory at 0x7ffff0a20000 of 64 bytes failed: Seule une partie d’une requête ReadProcessMemory ou WriteProcessMemory a été effectuée. (0x12B)
[1111/225747.889:WARNING:pe_image_reader.cc(340)] could not read dos header from C:\WINDOWS\System32\combase.dll
[1111/225747.889:ERROR:process_memory_win.cc(73)] ReadMemory at 0x7fffef620000 of 64 bytes failed: Seule une partie d’une requête ReadProcessMemory ou WriteProcessMemory a été effectuée. (0x12B)
[1111/225747.889:WARNING:pe_image_reader.cc(340)] could not read dos header from C:\WINDOWS\System32\WINTRUST.dll
[1111/225747.889:ERROR:process_memory_win.cc(73)] ReadMemory at 0x7fffeee20000 of 64 bytes failed: Seule une partie d’une requête ReadProcessMemory ou WriteProcessMemory a été effectuée. (0x12B)
[1111/225747.889:WARNING:pe_image_reader.cc(340)] could not read dos header from C:\WINDOWS\System32\MSASN1.dll
[1111/225747.889:ERROR:process_memory_win.cc(73)] ReadMemory at 0x7fffef1e0000 of 64 bytes failed: Seule une partie d’une requête ReadProcessMemory ou WriteProcessMemory a été effectuée. (0x12B)
[1111/225747.889:WARNING:pe_image_reader.cc(340)] could not read dos header from C:\WINDOWS\System32\CRYPT32.dll
[1111/225747.890:ERROR:process_memory_win.cc(73)] ReadMemory at 0x7fffed6e0000 of 64 bytes failed: Seule une partie d’une requête ReadProcessMemory ou WriteProcessMemory a été effectuée. (0x12B)
[1111/225747.890:WARNING:pe_image_reader.cc(340)] could not read dos header from C:\WINDOWS\SYSTEM32\dbghelp.dll
[1111/225747.890:ERROR:process_memory_win.cc(73)] ReadMemory at 0x7fffee320000 of 64 bytes failed: Seule une partie d’une requête ReadProcessMemory ou WriteProcessMemory a été effectuée. (0x12B)
[1111/225747.890:WARNING:pe_image_reader.cc(340)] could not read dos header from C:\WINDOWS\SYSTEM32\IPHLPAPI.DLL
[1111/225747.890:ERROR:process_memory_win.cc(73)] ReadMemory at 0x7fffec660000 of 64 bytes failed: Seule une partie d’une requête ReadProcessMemory ou WriteProcessMemory a été effectuée. (0x12B)
[1111/225747.890:WARNING:pe_image_reader.cc(340)] could not read dos header from C:\WINDOWS\SYSTEM32\WINMM.dll
[1111/225747.890:ERROR:process_memory_win.cc(73)] ReadMemory at 0x7fffde530000 of 64 bytes failed: Seule une partie d’une requête ReadProcessMemory ou WriteProcessMemory a été effectuée. (0x12B)
[1111/225747.890:WARNING:pe_image_reader.cc(340)] could not read dos header from C:\WINDOWS\SYSTEM32\UIAutomationCore.DLL
[1111/225747.890:ERROR:process_memory_win.cc(73)] ReadMemory at 0x7fffdabe0000 of 64 bytes failed: Seule une partie d’une requête ReadProcessMemory ou WriteProcessMemory a été effectuée. (0x12B)
[1111/225747.890:WARNING:pe_image_reader.cc(340)] could not read dos header from C:\WINDOWS\SYSTEM32\Secur32.dll
[1111/225747.890:ERROR:process_memory_win.cc(73)] ReadMemory at 0x7fffeed30000 of 64 bytes failed: Seule une partie d’une requête ReadProcessMemory ou WriteProcessMemory a été effectuée. (0x12B)
[1111/225747.890:WARNING:pe_image_reader.cc(340)] could not read dos header from C:\WINDOWS\SYSTEM32\USERENV.dll
[1111/225747.890:ERROR:process_memory_win.cc(73)] ReadMemory at 0x7fffeeeb0000 of 64 bytes failed: Seule une partie d’une requête ReadProcessMemory ou WriteProcessMemory a été effectuée. (0x12B)
[1111/225747.890:WARNING:pe_image_reader.cc(340)] could not read dos header from C:\WINDOWS\System32\profapi.dll
[1111/225747.890:ERROR:process_memory_win.cc(73)] ReadMemory at 0x7fffdcf50000 of 64 bytes failed: Seule une partie d’une requête ReadProcessMemory ou WriteProcessMemory a été effectuée. (0x12B)
[1111/225747.890:WARNING:pe_image_reader.cc(340)] could not read dos header from C:\WINDOWS\SYSTEM32\DWrite.dll
[1111/225747.891:ERROR:process_memory_win.cc(73)] ReadMemory at 0x7fffe4370000 of 64 bytes failed: Seule une partie d’une requête ReadProcessMemory ou WriteProcessMemory a été effectuée. (0x12B)
[1111/225747.891:WARNING:pe_image_reader.cc(340)] could not read dos header from C:\WINDOWS\SYSTEM32\WINSPOOL.DRV
[1111/225747.891:ERROR:process_memory_win.cc(73)] ReadMemory at 0x7fffeee40000 of 64 bytes failed: Seule une partie d’une requête ReadProcessMemory ou WriteProcessMemory a été effectuée. (0x12B)
[1111/225747.891:WARNING:pe_image_reader.cc(340)] could not read dos header from C:\WINDOWS\System32\kernel.appcore.dll
[1111/225747.891:ERROR:process_memory_win.cc(73)] ReadMemory at 0x7fffef700000 of 64 bytes failed: Seule une partie d’une requête ReadProcessMemory ou WriteProcessMemory a été effectuée. (0x12B)
[1111/225747.891:WARNING:pe_image_reader.cc(340)] could not read dos header from C:\WINDOWS\System32\bcrypt.dll
[1111/225747.891:ERROR:process_memory_win.cc(73)] ReadMemory at 0x7fffdd790000 of 64 bytes failed: Seule une partie d’une requête ReadProcessMemory ou WriteProcessMemory a été effectuée. (0x12B)
[1111/225747.891:WARNING:pe_image_reader.cc(340)] could not read dos header from C:\WINDOWS\SYSTEM32\WINHTTP.dll
[1111/225747.891:ERROR:process_memory_win.cc(73)] ReadMemory at 0x7fffe3620000 of 64 bytes failed: Seule une partie d’une requête ReadProcessMemory ou WriteProcessMemory a été effectuée. (0x12B)
[1111/225747.891:WARNING:pe_image_reader.cc(340)] could not read dos header from C:\WINDOWS\SYSTEM32\dhcpcsvc.DLL
[1111/225747.891:ERROR:process_memory_win.cc(73)] ReadMemory at 0x7ffff1e70000 of 64 bytes failed: Seule une partie d’une requête ReadProcessMemory ou WriteProcessMemory a été effectuée. (0x12B)
[1111/225747.891:WARNING:pe_image_reader.cc(340)] could not read dos header from C:\WINDOWS\System32\NSI.dll
[1111/225747.891:ERROR:process_memory_win.cc(73)] ReadMemory at 0x7fffec3d0000 of 64 bytes failed: Seule une partie d’une requête ReadProcessMemory ou WriteProcessMemory a été effectuée. (0x12B)
[1111/225747.892:WARNING:pe_image_reader.cc(340)] could not read dos header from C:\WINDOWS\SYSTEM32\WINMMBASE.dll
[1111/225747.892:ERROR:process_memory_win.cc(73)] ReadMemory at 0x7fffef5d0000 of 64 bytes failed: Seule une partie d’une requête ReadProcessMemory ou WriteProcessMemory a été effectuée. (0x12B)
[1111/225747.892:WARNING:pe_image_reader.cc(340)] could not read dos header from C:\WINDOWS\System32\cfgmgr32.dll
[1111/225747.892:ERROR:process_memory_win.cc(73)] ReadMemory at 0x7fffeb430000 of 64 bytes failed: Seule une partie d’une requête ReadProcessMemory ou WriteProcessMemory a été effectuée. (0x12B)
[1111/225747.892:WARNING:pe_image_reader.cc(340)] could not read dos header from C:\WINDOWS\SYSTEM32\PROPSYS.dll
[1111/225747.892:ERROR:process_memory_win.cc(73)] ReadMemory at 0x7ffff0fa0000 of 64 bytes failed: Seule une partie d’une requête ReadProcessMemory ou WriteProcessMemory a été effectuée. (0x12B)
[1111/225747.892:WARNING:pe_image_reader.cc(340)] could not read dos header from C:\WINDOWS\System32\shcore.dll
[1111/225747.892:ERROR:process_memory_win.cc(73)] ReadMemory at 0x7fffeed00000 of 64 bytes failed: Seule une partie d’une requête ReadProcessMemory ou WriteProcessMemory a été effectuée. (0x12B)
[1111/225747.892:WARNING:pe_image_reader.cc(340)] could not read dos header from C:\WINDOWS\SYSTEM32\SSPICLI.DLL
[1111/225747.892:ERROR:process_memory_win.cc(73)] ReadMemory at 0x7ffff0760000 of 64 bytes failed: Seule une partie d’une requête ReadProcessMemory ou WriteProcessMemory a été effectuée. (0x12B)
[1111/225747.892:WARNING:pe_image_reader.cc(340)] could not read dos header from C:\WINDOWS\System32\ole32.dll
[1111/225747.892:ERROR:process_memory_win.cc(73)] ReadMemory at 0x7ffff1dc0000 of 64 bytes failed: Seule une partie d’une requête ReadProcessMemory ou WriteProcessMemory a été effectuée. (0x12B)
[1111/225747.892:WARNING:pe_image_reader.cc(340)] could not read dos header from C:\WINDOWS\System32\GDI32.dll
[1111/225747.892:ERROR:process_memory_win.cc(73)] ReadMemory at 0x7fffef1b0000 of 64 bytes failed: Seule une partie d’une requête ReadProcessMemory ou WriteProcessMemory a été effectuée. (0x12B)
[1111/225747.892:WARNING:pe_image_reader.cc(340)] could not read dos header from C:\WINDOWS\System32\win32u.dll
[1111/225747.893:ERROR:process_memory_win.cc(73)] ReadMemory at 0x7fffef330000 of 64 bytes failed: Seule une partie d’une requête ReadProcessMemory ou WriteProcessMemory a été effectuée. (0x12B)
[1111/225747.893:WARNING:pe_image_reader.cc(340)] could not read dos header from C:\WINDOWS\System32\gdi32full.dll
[1111/225747.893:ERROR:process_memory_win.cc(73)] ReadMemory at 0x7ffff10d0000 of 64 bytes failed: Seule une partie d’une requête ReadProcessMemory ou WriteProcessMemory a été effectuée. (0x12B)
[1111/225747.893:WARNING:pe_image_reader.cc(340)] could not read dos header from C:\WINDOWS\System32\USER32.dll
[1111/225747.893:ERROR:process_memory_win.cc(73)] ReadMemory at 0x7ffff0660000 of 64 bytes failed: Seule une partie d’une requête ReadProcessMemory ou WriteProcessMemory a été effectuée. (0x12B)
[1111/225747.893:WARNING:pe_image_reader.cc(340)] could not read dos header from C:\WINDOWS\System32\IMM32.DLL
[1111/225747.893:ERROR:process_memory_win.cc(73)] ReadMemory at 0x7fffee7e0000 of 64 bytes failed: Seule une partie d’une requête ReadProcessMemory ou WriteProcessMemory a été effectuée. (0x12B)
[1111/225747.893:WARNING:pe_image_reader.cc(340)] could not read dos header from C:\WINDOWS\SYSTEM32\CRYPTBASE.DLL
[1111/225747.893:ERROR:process_memory_win.cc(73)] ReadMemory at 0x7ff72be00000 of 64 bytes failed: Seule une partie d’une requête ReadProcessMemory ou WriteProcessMemory a été effectuée. (0x12B)
[1111/225747.893:WARNING:pe_image_reader.cc(340)] could not read dos header from C:\Program Files (x86)\Google\Chrome\Application\chrome.exe
[1111/225747.893:ERROR:process_memory_win.cc(73)] ReadMemory at 0x7ffff1f60000 of 64 bytes failed: Seule une partie d’une requête ReadProcessMemory ou WriteProcessMemory a été effectuée. (0x12B)
[1111/225747.893:WARNING:pe_image_reader.cc(340)] could not read dos header from C:\WINDOWS\SYSTEM32\ntdll.dll
[1111/225747.894:ERROR:process_memory_win.cc(73)] ReadMemory at 0x7ffff0e80000 of 64 bytes failed: Seule une partie d’une requête ReadProcessMemory ou WriteProcessMemory a été effectuée. (0x12B)
[1111/225747.894:WARNING:pe_image_reader.cc(340)] could not read dos header from C:\WINDOWS\System32\KERNEL32.dll
[1111/225747.894:ERROR:process_memory_win.cc(73)] ReadMemory at 0x7fffeeee0000 of 64 bytes failed: Seule une partie d’une requête ReadProcessMemory ou WriteProcessMemory a été effectuée. (0x12B)
[1111/225747.894:WARNING:pe_image_reader.cc(340)] could not read dos header from C:\WINDOWS\System32\KERNELBASE.dll
[1111/225747.894:ERROR:process_memory_win.cc(73)] ReadMemory at 0x7fffb8a80000 of 64 bytes failed: Seule une partie d’une requête ReadProcessMemory ou WriteProcessMemory a été effectuée. (0x12B)
[1111/225747.894:WARNING:pe_image_reader.cc(340)] could not read dos header from C:\Program Files (x86)\Google\Chrome\Application\86.0.4240.183\chrome_elf.dll
[1111/225747.894:ERROR:process_memory_win.cc(73)] ReadMemory at 0x7fffea740000 of 64 bytes failed: Seule une partie d’une requête ReadProcessMemory ou WriteProcessMemory a été effectuée. (0x12B)
[1111/225747.894:WARNING:pe_image_reader.cc(340)] could not read dos header from C:\WINDOWS\SYSTEM32\VERSION.dll
[1111/225747.894:ERROR:process_memory_win.cc(73)] ReadMemory at 0x7ffff1e80000 of 64 bytes failed: Seule une partie d’une requête ReadProcessMemory ou WriteProcessMemory a été effectuée. (0x12B)
[1111/225747.894:WARNING:pe_image_reader.cc(340)] could not read dos header from C:\WINDOWS\System32\msvcrt.dll
[1111/225747.894:ERROR:process_memory_win.cc(73)] ReadMemory at 0x7fffef680000 of 64 bytes failed: Seule une partie d’une requête ReadProcessMemory ou WriteProcessMemory a été effectuée. (0x12B)
[1111/225747.894:WARNING:pe_image_reader.cc(340)] could not read dos header from C:\WINDOWS\System32\bcryptPrimitives.dll
[1111/225747.894:ERROR:process_memory_win.cc(73)] ReadMemory at 0x7ffff0970000 of 64 bytes failed: Seule une partie d’une requête ReadProcessMemory ou WriteProcessMemory a été effectuée. (0x12B)
[1111/225747.894:WARNING:pe_image_reader.cc(340)] could not read dos header from C:\WINDOWS\System32\ADVAPI32.dll
[1111/225747.894:ERROR:process_memory_win.cc(73)] ReadMemory at 0x7ffff19d0000 of 64 bytes failed: Seule une partie d’une requête ReadProcessMemory ou WriteProcessMemory a été effectuée. (0x12B)
[1111/225747.894:WARNING:pe_image_reader.cc(340)] could not read dos header from C:\WINDOWS\System32\sechost.dll
[1111/225747.894:ERROR:process_memory_win.cc(73)] ReadMemory at 0x7ffff0d60000 of 64 bytes failed: Seule une partie d’une requête ReadProcessMemory ou WriteProcessMemory a été effectuée. (0x12B)
[1111/225747.895:WARNING:pe_image_reader.cc(340)] could not read dos header from C:\WINDOWS\System32\RPCRT4.dll
[1111/225747.895:ERROR:process_memory_win.cc(73)] ReadMemory at 0x7fff7d450000 of 64 bytes failed: Seule une partie d’une requête ReadProcessMemory ou WriteProcessMemory a été effectuée. (0x12B)
[1111/225747.895:WARNING:pe_image_reader.cc(340)] could not read dos header from C:\Program Files (x86)\Google\Chrome\Application\86.0.4240.183\chrome.dll
[1111/225747.895:ERROR:process_memory_win.cc(73)] ReadMemory at 0x7ffff1a70000 of 64 bytes failed: Seule une partie d’une requête ReadProcessMemory ou WriteProcessMemory a été effectuée. (0x12B)
[1111/225747.895:WARNING:pe_image_reader.cc(340)] could not read dos header from C:\WINDOWS\System32\WS2_32.dll
[1111/225747.895:ERROR:process_memory_win.cc(73)] ReadMemory at 0x7ffff1b40000 of 64 bytes failed: Seule une partie d’une requête ReadProcessMemory ou WriteProcessMemory a été effectuée. (0x12B)
[1111/225747.895:WARNING:pe_image_reader.cc(340)] could not read dos header from C:\WINDOWS\System32\OLEAUT32.dll
[1111/225747.895:ERROR:process_memory_win.cc(73)] ReadMemory at 0x7fffeff70000 of 64 bytes failed: Seule une partie d’une requête ReadProcessMemory ou WriteProcessMemory a été effectuée. (0x12B)
[1111/225747.895:WARNING:pe_image_reader.cc(340)] could not read dos header from C:\WINDOWS\System32\msvcp_win.dll
[1111/225747.895:ERROR:process_memory_win.cc(73)] ReadMemory at 0x7fffef4d0000 of 64 bytes failed: Seule une partie d’une requête ReadProcessMemory ou WriteProcessMemory a été effectuée. (0x12B)
[1111/225747.895:WARNING:pe_image_reader.cc(340)] could not read dos header from C:\WINDOWS\System32\ucrtbase.dll
[1111/225747.895:ERROR:process_memory_win.cc(73)] ReadMemory at 0x7ffff0a20000 of 64 bytes failed: Seule une partie d’une requête ReadProcessMemory ou WriteProcessMemory a été effectuée. (0x12B)
[1111/225747.895:WARNING:pe_image_reader.cc(340)] could not read dos header from C:\WINDOWS\System32\combase.dll
[1111/225747.895:ERROR:process_memory_win.cc(73)] ReadMemory at 0x7fffef620000 of 64 bytes failed: Seule une partie d’une requête ReadProcessMemory ou WriteProcessMemory a été effectuée. (0x12B)
[1111/225747.895:WARNING:pe_image_reader.cc(340)] could not read dos header from C:\WINDOWS\System32\WINTRUST.dll
[1111/225747.895:ERROR:process_memory_win.cc(73)] ReadMemory at 0x7fffeee20000 of 64 bytes failed: Seule une partie d’une requête ReadProcessMemory ou WriteProcessMemory a été effectuée. (0x12B)
[1111/225747.895:WARNING:pe_image_reader.cc(340)] could not read dos header from C:\WINDOWS\System32\MSASN1.dll
[1111/225747.895:ERROR:process_memory_win.cc(73)] ReadMemory at 0x7fffef1e0000 of 64 bytes failed: Seule une partie d’une requête ReadProcessMemory ou WriteProcessMemory a été effectuée. (0x12B)
[1111/225747.896:WARNING:pe_image_reader.cc(340)] could not read dos header from C:\WINDOWS\System32\CRYPT32.dll
[1111/225747.896:ERROR:process_memory_win.cc(73)] ReadMemory at 0x7fffed6e0000 of 64 bytes failed: Seule une partie d’une requête ReadProcessMemory ou WriteProcessMemory a été effectuée. (0x12B)
[1111/225747.896:WARNING:pe_image_reader.cc(340)] could not read dos header from C:\WINDOWS\SYSTEM32\dbghelp.dll
[1111/225747.896:ERROR:process_memory_win.cc(73)] ReadMemory at 0x7fffee320000 of 64 bytes failed: Seule une partie d’une requête ReadProcessMemory ou WriteProcessMemory a été effectuée. (0x12B)
[1111/225747.896:WARNING:pe_image_reader.cc(340)] could not read dos header from C:\WINDOWS\SYSTEM32\IPHLPAPI.DLL
[1111/225747.896:ERROR:process_memory_win.cc(73)] ReadMemory at 0x7fffec660000 of 64 bytes failed: Seule une partie d’une requête ReadProcessMemory ou WriteProcessMemory a été effectuée. (0x12B)
[1111/225747.896:WARNING:pe_image_reader.cc(340)] could not read dos header from C:\WINDOWS\SYSTEM32\WINMM.dll
[1111/225747.896:ERROR:process_memory_win.cc(73)] ReadMemory at 0x7fffde530000 of 64 bytes failed: Seule une partie d’une requête ReadProcessMemory ou WriteProcessMemory a été effectuée. (0x12B)
[1111/225747.896:WARNING:pe_image_reader.cc(340)] could not read dos header from C:\WINDOWS\SYSTEM32\UIAutomationCore.DLL
[1111/225747.896:ERROR:process_memory_win.cc(73)] ReadMemory at 0x7fffdabe0000 of 64 bytes failed: Seule une partie d’une requête ReadProcessMemory ou WriteProcessMemory a été effectuée. (0x12B)
[1111/225747.896:WARNING:pe_image_reader.cc(340)] could not read dos header from C:\WINDOWS\SYSTEM32\Secur32.dll
[1111/225747.896:ERROR:process_memory_win.cc(73)] ReadMemory at 0x7fffeed30000 of 64 bytes failed: Seule une partie d’une requête ReadProcessMemory ou WriteProcessMemory a été effectuée. (0x12B)
[1111/225747.896:WARNING:pe_image_reader.cc(340)] could not read dos header from C:\WINDOWS\SYSTEM32\USERENV.dll
[1111/225747.896:ERROR:process_memory_win.cc(73)] ReadMemory at 0x7fffeeeb0000 of 64 bytes failed: Seule une partie d’une requête ReadProcessMemory ou WriteProcessMemory a été effectuée. (0x12B)
[1111/225747.896:WARNING:pe_image_reader.cc(340)] could not read dos header from C:\WINDOWS\System32\profapi.dll
[1111/225747.896:ERROR:process_memory_win.cc(73)] ReadMemory at 0x7fffdcf50000 of 64 bytes failed: Seule une partie d’une requête ReadProcessMemory ou WriteProcessMemory a été effectuée. (0x12B)
[1111/225747.896:WARNING:pe_image_reader.cc(340)] could not read dos header from C:\WINDOWS\SYSTEM32\DWrite.dll
[1111/225747.897:ERROR:process_memory_win.cc(73)] ReadMemory at 0x7fffe4370000 of 64 bytes failed: Seule une partie d’une requête ReadProcessMemory ou WriteProcessMemory a été effectuée. (0x12B)
[1111/225747.897:WARNING:pe_image_reader.cc(340)] could not read dos header from C:\WINDOWS\SYSTEM32\WINSPOOL.DRV
[1111/225747.897:ERROR:process_memory_win.cc(73)] ReadMemory at 0x7fffeee40000 of 64 bytes failed: Seule une partie d’une requête ReadProcessMemory ou WriteProcessMemory a été effectuée. (0x12B)
[1111/225747.897:WARNING:pe_image_reader.cc(340)] could not read dos header from C:\WINDOWS\System32\kernel.appcore.dll
[1111/225747.897:ERROR:process_memory_win.cc(73)] ReadMemory at 0x7fffef700000 of 64 bytes failed: Seule une partie d’une requête ReadProcessMemory ou WriteProcessMemory a été effectuée. (0x12B)
[1111/225747.897:WARNING:pe_image_reader.cc(340)] could not read dos header from C:\WINDOWS\System32\bcrypt.dll
[1111/225747.897:ERROR:process_memory_win.cc(73)] ReadMemory at 0x7fffdd790000 of 64 bytes failed: Seule une partie d’une requête ReadProcessMemory ou WriteProcessMemory a été effectuée. (0x12B)
[1111/225747.897:WARNING:pe_image_reader.cc(340)] could not read dos header from C:\WINDOWS\SYSTEM32\WINHTTP.dll
[1111/225747.897:ERROR:process_memory_win.cc(73)] ReadMemory at 0x7fffe3620000 of 64 bytes failed: Seule une partie d’une requête ReadProcessMemory ou WriteProcessMemory a été effectuée. (0x12B)
[1111/225747.897:WARNING:pe_image_reader.cc(340)] could not read dos header from C:\WINDOWS\SYSTEM32\dhcpcsvc.DLL
[1111/225747.897:ERROR:process_memory_win.cc(73)] ReadMemory at 0x7ffff1e70000 of 64 bytes failed: Seule une partie d’une requête ReadProcessMemory ou WriteProcessMemory a été effectuée. (0x12B)
[1111/225747.897:WARNING:pe_image_reader.cc(340)] could not read dos header from C:\WINDOWS\System32\NSI.dll
[1111/225747.897:ERROR:process_memory_win.cc(73)] ReadMemory at 0x7fffec3d0000 of 64 bytes failed: Seule une partie d’une requête ReadProcessMemory ou WriteProcessMemory a été effectuée. (0x12B)
[1111/225747.897:WARNING:pe_image_reader.cc(340)] could not read dos header from C:\WINDOWS\SYSTEM32\WINMMBASE.dll
[1111/225747.897:ERROR:process_memory_win.cc(73)] ReadMemory at 0x7fffef5d0000 of 64 bytes failed: Seule une partie d’une requête ReadProcessMemory ou WriteProcessMemory a été effectuée. (0x12B)
[1111/225747.897:WARNING:pe_image_reader.cc(340)] could not read dos header from C:\WINDOWS\System32\cfgmgr32.dll
[1111/225747.898:ERROR:process_memory_win.cc(73)] ReadMemory at 0x7fffeb430000 of 64 bytes failed: Seule une partie d’une requête ReadProcessMemory ou WriteProcessMemory a été effectuée. (0x12B)
[1111/225747.898:WARNING:pe_image_reader.cc(340)] could not read dos header from C:\WINDOWS\SYSTEM32\PROPSYS.dll
[1111/225747.898:ERROR:process_memory_win.cc(73)] ReadMemory at 0x7ffff0fa0000 of 64 bytes failed: Seule une partie d’une requête ReadProcessMemory ou WriteProcessMemory a été effectuée. (0x12B)
[1111/225747.898:WARNING:pe_image_reader.cc(340)] could not read dos header from C:\WINDOWS\System32\shcore.dll
[1111/225747.898:ERROR:process_memory_win.cc(73)] ReadMemory at 0x7fffeed00000 of 64 bytes failed: Seule une partie d’une requête ReadProcessMemory ou WriteProcessMemory a été effectuée. (0x12B)
[1111/225747.898:WARNING:pe_image_reader.cc(340)] could not read dos header from C:\WINDOWS\SYSTEM32\SSPICLI.DLL
[1111/225747.898:ERROR:process_memory_win.cc(73)] ReadMemory at 0x7ffff0760000 of 64 bytes failed: Seule une partie d’une requête ReadProcessMemory ou WriteProcessMemory a été effectuée. (0x12B)
[1111/225747.898:WARNING:pe_image_reader.cc(340)] could not read dos header from C:\WINDOWS\System32\ole32.dll
[1111/225747.898:ERROR:process_memory_win.cc(73)] ReadMemory at 0x7ffff1dc0000 of 64 bytes failed: Seule une partie d’une requête ReadProcessMemory ou WriteProcessMemory a été effectuée. (0x12B)
[1111/225747.898:WARNING:pe_image_reader.cc(340)] could not read dos header from C:\WINDOWS\System32\GDI32.dll
[1111/225747.898:ERROR:process_memory_win.cc(73)] ReadMemory at 0x7fffef1b0000 of 64 bytes failed: Seule une partie d’une requête ReadProcessMemory ou WriteProcessMemory a été effectuée. (0x12B)
[1111/225747.898:WARNING:pe_image_reader.cc(340)] could not read dos header from C:\WINDOWS\System32\win32u.dll
[1111/225747.898:ERROR:process_memory_win.cc(73)] ReadMemory at 0x7fffef330000 of 64 bytes failed: Seule une partie d’une requête ReadProcessMemory ou WriteProcessMemory a été effectuée. (0x12B)
[1111/225747.898:WARNING:pe_image_reader.cc(340)] could not read dos header from C:\WINDOWS\System32\gdi32full.dll
[1111/225747.898:ERROR:process_memory_win.cc(73)] ReadMemory at 0x7ffff10d0000 of 64 bytes failed: Seule une partie d’une requête ReadProcessMemory ou WriteProcessMemory a été effectuée. (0x12B)
[1111/225747.899:WARNING:pe_image_reader.cc(340)] could not read dos header from C:\WINDOWS\System32\USER32.dll
[1111/225747.899:ERROR:process_memory_win.cc(73)] ReadMemory at 0x7ffff0660000 of 64 bytes failed: Seule une partie d’une requête ReadProcessMemory ou WriteProcessMemory a été effectuée. (0x12B)
[1111/225747.899:WARNING:pe_image_reader.cc(340)] could not read dos header from C:\WINDOWS\System32\IMM32.DLL
[1111/225747.899:ERROR:process_memory_win.cc(73)] ReadMemory at 0x7fffee7e0000 of 64 bytes failed: Seule une partie d’une requête ReadProcessMemory ou WriteProcessMemory a été effectuée. (0x12B)
[1111/225747.899:WARNING:pe_image_reader.cc(340)] could not read dos header from C:\WINDOWS\SYSTEM32\CRYPTBASE.DLL
[1111/225748.200:ERROR:process_memory_win.cc(73)] ReadMemory at 0xace01c3000 of 249856 bytes failed: Seule une partie d’une requête ReadProcessMemory ou WriteProcessMemory a été effectuée. (0x12B)
[1111/225748.785:ERROR:process_memory_win.cc(73)] ReadMemory at 0xace09fe000 of 8192 bytes failed: Seule une partie d’une requête ReadProcessMemory ou WriteProcessMemory a été effectuée. (0x12B)
[1111/225748.785:ERROR:process_memory_win.cc(73)] ReadMemory at 0xace11f4000 of 49152 bytes failed: Seule une partie d’une requête ReadProcessMemory ou WriteProcessMemory a été effectuée. (0x12B)
[1111/225748.786:ERROR:process_memory_win.cc(73)] ReadMemory at 0xace19fe000 of 8192 bytes failed: Seule une partie d’une requête ReadProcessMemory ou WriteProcessMemory a été effectuée. (0x12B)
[1111/225748.786:ERROR:process_memory_win.cc(73)] ReadMemory at 0xace21fc000 of 16384 bytes failed: Seule une partie d’une requête ReadProcessMemory ou WriteProcessMemory a été effectuée. (0x12B)
[1111/225748.786:ERROR:process_memory_win.cc(73)] ReadMemory at 0xace31fe000 of 8192 bytes failed: Seule une partie d’une requête ReadProcessMemory ou WriteProcessMemory a été effectuée. (0x12B)
[1111/225748.786:ERROR:process_memory_win.cc(73)] ReadMemory at 0xace39fe000 of 8192 bytes failed: Seule une partie d’une requête ReadProcessMemory ou WriteProcessMemory a été effectuée. (0x12B)
[1111/225748.786:ERROR:process_memory_win.cc(73)] ReadMemory at 0xace41fc000 of 16384 bytes failed: Seule une partie d’une requête ReadProcessMemory ou WriteProcessMemory a été effectuée. (0x12B)
[1111/225748.786:ERROR:process_memory_win.cc(73)] ReadMemory at 0xace49fd000 of 12288 bytes failed: Seule une partie d’une requête ReadProcessMemory ou WriteProcessMemory a été effectuée. (0x12B)
[1111/225748.787:ERROR:process_memory_win.cc(73)] ReadMemory at 0xace51fc000 of 16384 bytes failed: Seule une partie d’une requête ReadProcessMemory ou WriteProcessMemory a été effectuée. (0x12B)
[1111/225748.787:ERROR:process_memory_win.cc(73)] ReadMemory at 0xace59fc000 of 16384 bytes failed: Seule une partie d’une requête ReadProcessMemory ou WriteProcessMemory a été effectuée. (0x12B)
[1111/225748.787:ERROR:process_memory_win.cc(73)] ReadMemory at 0xace61fc000 of 16384 bytes failed: Seule une partie d’une requête ReadProcessMemory ou WriteProcessMemory a été effectuée. (0x12B)
[1111/225748.787:ERROR:process_memory_win.cc(73)] ReadMemory at 0xace91fa000 of 24576 bytes failed: Seule une partie d’une requête ReadProcessMemory ou WriteProcessMemory a été effectuée. (0x12B)
[1111/225748.787:ERROR:process_memory_win.cc(73)] ReadMemory at 0xace29fe000 of 8192 bytes failed: Seule une partie d’une requête ReadProcessMemory ou WriteProcessMemory a été effectuée. (0x12B)
[1111/225748.787:ERROR:process_memory_win.cc(73)] ReadMemory at 0xace69f7000 of 36864 bytes failed: Seule une partie d’une requête ReadProcessMemory ou WriteProcessMemory a été effectuée. (0x12B)
[1111/225748.787:ERROR:process_memory_win.cc(73)] ReadMemory at 0xace71fe000 of 8192 bytes failed: Seule une partie d’une requête ReadProcessMemory ou WriteProcessMemory a été effectuée. (0x12B)
[1111/225748.788:ERROR:process_memory_win.cc(73)] ReadMemory at 0xace79fe000 of 8192 bytes failed: Seule une partie d’une requête ReadProcessMemory ou WriteProcessMemory a été effectuée. (0x12B)
[1111/225748.788:ERROR:process_memory_win.cc(73)] ReadMemory at 0xacdf8d3000 of 852 bytes failed: Seule une partie d’une requête ReadProcessMemory ou WriteProcessMemory a été effectuée. (0x12B)
[1111/225748.788:ERROR:process_memory_win.cc(73)] ReadMemory at 0xacdf8d4000 of 6024 bytes failed: Seule une partie d’une requête ReadProcessMemory ou WriteProcessMemory a été effectuée. (0x12B)
[1111/225748.788:ERROR:process_memory_win.cc(73)] ReadMemory at 0xacdf8d6000 of 6024 bytes failed: Seule une partie d’une requête ReadProcessMemory ou WriteProcessMemory a été effectuée. (0x12B)
[1111/225748.788:ERROR:process_memory_win.cc(73)] ReadMemory at 0xacdf8d8000 of 6024 bytes failed: Seule une partie d’une requête ReadProcessMemory ou WriteProcessMemory a été effectuée. (0x12B)
[1111/225748.788:ERROR:process_memory_win.cc(73)] ReadMemory at 0xacdf8da000 of 6024 bytes failed: Seule une partie d’une requête ReadProcessMemory ou WriteProcessMemory a été effectuée. (0x12B)
[1111/225748.789:ERROR:process_memory_win.cc(73)] ReadMemory at 0xacdf8dc000 of 6024 bytes failed: Seule une partie d’une requête ReadProcessMemory ou WriteProcessMemory a été effectuée. (0x12B)
[1111/225748.789:ERROR:process_memory_win.cc(73)] ReadMemory at 0xacdf8e0000 of 6024 bytes failed: Seule une partie d’une requête ReadProcessMemory ou WriteProcessMemory a été effectuée. (0x12B)
[1111/225748.789:ERROR:process_memory_win.cc(73)] ReadMemory at 0xacdf8e2000 of 6024 bytes failed: Seule une partie d’une requête ReadProcessMemory ou WriteProcessMemory a été effectuée. (0x12B)
[1111/225748.789:ERROR:process_memory_win.cc(73)] ReadMemory at 0xacdf8e4000 of 6024 bytes failed: Seule une partie d’une requête ReadProcessMemory ou WriteProcessMemory a été effectuée. (0x12B)
[1111/225748.789:ERROR:process_memory_win.cc(73)] ReadMemory at 0xacdf8e6000 of 6024 bytes failed: Seule une partie d’une requête ReadProcessMemory ou WriteProcessMemory a été effectuée. (0x12B)
[1111/225748.789:ERROR:process_memory_win.cc(73)] ReadMemory at 0xacdf8e8000 of 6024 bytes failed: Seule une partie d’une requête ReadProcessMemory ou WriteProcessMemory a été effectuée. (0x12B)
[1111/225748.790:ERROR:process_memory_win.cc(73)] ReadMemory at 0xacdf8ea000 of 6024 bytes failed: Seule une partie d’une requête ReadProcessMemory ou WriteProcessMemory a été effectuée. (0x12B)
[1111/225748.790:ERROR:process_memory_win.cc(73)] ReadMemory at 0xacdf8ec000 of 6024 bytes failed: Seule une partie d’une requête ReadProcessMemory ou WriteProcessMemory a été effectuée. (0x12B)
[1111/225748.790:ERROR:process_memory_win.cc(73)] ReadMemory at 0xacdf8f8000 of 6024 bytes failed: Seule une partie d’une requête ReadProcessMemory ou WriteProcessMemory a été effectuée. (0x12B)
[1111/225748.790:ERROR:process_memory_win.cc(73)] ReadMemory at 0xacdf90a000 of 6024 bytes failed: Seule une partie d’une requête ReadProcessMemory ou WriteProcessMemory a été effectuée. (0x12B)
[1111/225748.790:ERROR:process_memory_win.cc(73)] ReadMemory at 0xacdf924000 of 6024 bytes failed: Seule une partie d’une requête ReadProcessMemory ou WriteProcessMemory a été effectuée. (0x12B)
[1111/225748.790:ERROR:process_memory_win.cc(73)] ReadMemory at 0xacdf928000 of 6024 bytes failed: Seule une partie d’une requête ReadProcessMemory ou WriteProcessMemory a été effectuée. (0x12B)
[1111/225748.790:ERROR:process_memory_win.cc(73)] ReadMemory at 0xacdf92a000 of 6024 bytes failed: Seule une partie d’une requête ReadProcessMemory ou WriteProcessMemory a été effectuée. (0x12B)
[1111/225748.791:ERROR:process_memory_win.cc(73)] ReadMemory at 0x1de076f0fe0 of 20264 bytes failed: Seule une partie d’une requête ReadProcessMemory ou WriteProcessMemory a été effectuée. (0x12B)
[1111/225748.791:ERROR:process_memory_win.cc(73)] ReadMemory at 0x1de076f5f10 of 1012 bytes failed: Seule une partie d’une requête ReadProcessMemory ou WriteProcessMemory a été effectuée. (0x12B)
[1111/225748.791:ERROR:process_memory_win.cc(73)] ReadMemory at 0x1de076f6558 of 118 bytes failed: Seule une partie d’une requête ReadProcessMemory ou WriteProcessMemory a été effectuée. (0x12B)
[1111/225748.791:ERROR:process_memory_win.cc(73)] ReadMemory at 0x1de076f65d0 of 710 bytes failed: Seule une partie d’une requête ReadProcessMemory ou WriteProcessMemory a été effectuée. (0x12B)
[1111/225748.791:ERROR:process_memory_win.cc(73)] ReadMemory at 0x1de076f6898 of 118 bytes failed: Seule une partie d’une requête ReadProcessMemory ou WriteProcessMemory a été effectuée. (0x12B)
[1111/225748.791:ERROR:process_memory_win.cc(73)] ReadMemory at 0x1de076f6910 of 102 bytes failed: Seule une partie d’une requête ReadProcessMemory ou WriteProcessMemory a été effectuée. (0x12B)
[1111/225748.791:ERROR:process_memory_win.cc(73)] ReadMemory at 0x1de076f6990 of 58 bytes failed: Seule une partie d’une requête ReadProcessMemory ou WriteProcessMemory a été effectuée. (0x12B)
[1111/225748.791:ERROR:process_memory_win.cc(73)] ReadMemory at 0x1de076f6a90 of 132 bytes failed: Seule une partie d’une requête ReadProcessMemory ou WriteProcessMemory a été effectuée. (0x12B)
[1111/225748.792:ERROR:process_memory_win.cc(73)] ReadMemory at 0x1de076f6c20 of 132 bytes failed: Seule une partie d’une requête ReadProcessMemory ou WriteProcessMemory a été effectuée. (0x12B)
[1111/225748.792:ERROR:process_memory_win.cc(73)] ReadMemory at 0x1de076f6de0 of 126 bytes failed: Seule une partie d’une requête ReadProcessMemory ou WriteProcessMemory a été effectuée. (0x12B)
[1111/225748.793:ERROR:process_memory_win.cc(73)] ReadMemory at 0x1de076f71f0 of 132 bytes failed: Seule une partie d’une requête ReadProcessMemory ou WriteProcessMemory a été effectuée. (0x12B)
[1111/225748.793:ERROR:process_memory_win.cc(73)] ReadMemory at 0x1de076f7770 of 132 bytes failed: Seule une partie d’une requête ReadProcessMemory ou WriteProcessMemory a été effectuée. (0x12B)
[1111/225748.793:ERROR:process_memory_win.cc(73)] ReadMemory at 0x1de076f7900 of 64 bytes failed: Seule une partie d’une requête ReadProcessMemory ou WriteProcessMemory a été effectuée. (0x12B)
[1111/225748.793:ERROR:process_memory_win.cc(73)] ReadMemory at 0x1de076f7d60 of 132 bytes failed: Seule une partie d’une requête ReadProcessMemory ou WriteProcessMemory a été effectuée. (0x12B)
[1111/225748.793:ERROR:process_memory_win.cc(73)] ReadMemory at 0x1de076f7ef0 of 68 bytes failed: Seule une partie d’une requête ReadProcessMemory ou WriteProcessMemory a été effectuée. (0x12B)
[1111/225748.794:ERROR:process_memory_win.cc(73)] ReadMemory at 0x1de077018f0 of 132 bytes failed: Seule une partie d’une requête ReadProcessMemory ou WriteProcessMemory a été effectuée. (0x12B)
[1111/225748.794:ERROR:process_memory_win.cc(73)] ReadMemory at 0x1de07705470 of 62 bytes failed: Seule une partie d’une requête ReadProcessMemory ou WriteProcessMemory a été effectuée. (0x12B)
[1111/225748.794:ERROR:process_memory_win.cc(73)] ReadMemory at 0x1de07705510 of 60 bytes failed: Seule une partie d’une requête ReadProcessMemory ou WriteProcessMemory a été effectuée. (0x12B)
[1111/225748.794:ERROR:process_memory_win.cc(73)] ReadMemory at 0x1de07705930 of 132 bytes failed: Seule une partie d’une requête ReadProcessMemory ou WriteProcessMemory a été effectuée. (0x12B)
[1111/225748.794:ERROR:process_memory_win.cc(73)] ReadMemory at 0x1de07705a60 of 154 bytes failed: Seule une partie d’une requête ReadProcessMemory ou WriteProcessMemory a été effectuée. (0x12B)
[1111/225748.794:ERROR:process_memory_win.cc(73)] ReadMemory at 0x1de0770aaa0 of 62 bytes failed: Seule une partie d’une requête ReadProcessMemory ou WriteProcessMemory a été effectuée. (0x12B)
[1111/225748.794:ERROR:process_memory_win.cc(73)] ReadMemory at 0x1de07712c30 of 54 bytes failed: Seule une partie d’une requête ReadProcessMemory ou WriteProcessMemory a été effectuée. (0x12B)
[1111/225748.794:ERROR:process_memory_win.cc(73)] ReadMemory at 0x1de07713d70 of 80 bytes failed: Seule une partie d’une requête ReadProcessMemory ou WriteProcessMemory a été effectuée. (0x12B)
[1111/225748.795:ERROR:process_memory_win.cc(73)] ReadMemory at 0x1de07717340 of 132 bytes failed: Seule une partie d’une requête ReadProcessMemory ou WriteProcessMemory a été effectuée. (0x12B)
[1111/225748.795:ERROR:process_memory_win.cc(73)] ReadMemory at 0x1de07717710 of 132 bytes failed: Seule une partie d’une requête ReadProcessMemory ou WriteProcessMemory a été effectuée. (0x12B)
[1111/225748.795:ERROR:process_memory_win.cc(73)] ReadMemory at 0x1de07717c40 of 132 bytes failed: Seule une partie d’une requête ReadProcessMemory ou WriteProcessMemory a été effectuée. (0x12B)
[1111/225748.795:ERROR:process_memory_win.cc(73)] ReadMemory at 0x1de07717e60 of 132 bytes failed: Seule une partie d’une requête ReadProcessMemory ou WriteProcessMemory a été effectuée. (0x12B)
[1111/225748.795:ERROR:process_memory_win.cc(73)] ReadMemory at 0x1de077181b0 of 132 bytes failed: Seule une partie d’une requête ReadProcessMemory ou WriteProcessMemory a été effectuée. (0x12B)
[1111/225748.795:ERROR:process_memory_win.cc(73)] ReadMemory at 0x1de07718330 of 132 bytes failed: Seule une partie d’une requête ReadProcessMemory ou WriteProcessMemory a été effectuée. (0x12B)
[1111/225748.795:ERROR:process_memory_win.cc(73)] ReadMemory at 0x1de07718460 of 132 bytes failed: Seule une partie d’une requête ReadProcessMemory ou WriteProcessMemory a été effectuée. (0x12B)
[1111/225748.795:ERROR:process_memory_win.cc(73)] ReadMemory at 0x1de07718590 of 132 bytes failed: Seule une partie d’une requête ReadProcessMemory ou WriteProcessMemory a été effectuée. (0x12B)
[1111/225748.796:ERROR:process_memory_win.cc(73)] ReadMemory at 0x1de077186c0 of 132 bytes failed: Seule une partie d’une requête ReadProcessMemory ou WriteProcessMemory a été effectuée. (0x12B)
[1111/225748.796:ERROR:process_memory_win.cc(73)] ReadMemory at 0x1de077187f0 of 132 bytes failed: Seule une partie d’une requête ReadProcessMemory ou WriteProcessMemory a été effectuée. (0x12B)
[1111/225748.796:ERROR:process_memory_win.cc(73)] ReadMemory at 0x1de07718920 of 132 bytes failed: Seule une partie d’une requête ReadProcessMemory ou WriteProcessMemory a été effectuée. (0x12B)
[1111/225748.796:ERROR:process_memory_win.cc(73)] ReadMemory at 0x1de07718a50 of 132 bytes failed: Seule une partie d’une requête ReadProcessMemory ou WriteProcessMemory a été effectuée. (0x12B)
[1111/225748.796:ERROR:process_memory_win.cc(73)] ReadMemory at 0x1de07718cb0 of 132 bytes failed: Seule une partie d’une requête ReadProcessMemory ou WriteProcessMemory a été effectuée. (0x12B)
[1111/225748.796:ERROR:process_memory_win.cc(73)] ReadMemory at 0x1de07718de0 of 132 bytes failed: Seule une partie d’une requête ReadProcessMemory ou WriteProcessMemory a été effectuée. (0x12B)
[1111/225748.796:ERROR:process_memory_win.cc(73)] ReadMemory at 0x1de07718f10 of 132 bytes failed: Seule une partie d’une requête ReadProcessMemory ou WriteProcessMemory a été effectuée. (0x12B)
[1111/225748.796:ERROR:process_memory_win.cc(73)] ReadMemory at 0x1de07719040 of 132 bytes failed: Seule une partie d’une requête ReadProcessMemory ou WriteProcessMemory a été effectuée. (0x12B)
[1111/225748.797:ERROR:process_memory_win.cc(73)] ReadMemory at 0x1de07719170 of 132 bytes failed: Seule une partie d’une requête ReadProcessMemory ou WriteProcessMemory a été effectuée. (0x12B)
[1111/225748.797:ERROR:process_memory_win.cc(73)] ReadMemory at 0x1de077199a0 of 76 bytes failed: Seule une partie d’une requête ReadProcessMemory ou WriteProcessMemory a été effectuée. (0x12B)
[1111/225748.797:ERROR:process_memory_win.cc(73)] ReadMemory at 0x1de07719d60 of 80 bytes failed: Seule une partie d’une requête ReadProcessMemory ou WriteProcessMemory a été effectuée. (0x12B)
[1111/225748.797:ERROR:process_memory_win.cc(73)] ReadMemory at 0x1de0771c9c0 of 60 bytes failed: Seule une partie d’une requête ReadProcessMemory ou WriteProcessMemory a été effectuée. (0x12B)
[1111/225748.797:ERROR:process_memory_win.cc(73)] ReadMemory at 0x1de0771ca10 of 62 bytes failed: Seule une partie d’une requête ReadProcessMemory ou WriteProcessMemory a été effectuée. (0x12B)
[1111/225748.797:ERROR:process_memory_win.cc(73)] ReadMemory at 0x1de0771ca60 of 62 bytes failed: Seule une partie d’une requête ReadProcessMemory ou WriteProcessMemory a été effectuée. (0x12B)
[1111/225748.797:ERROR:process_memory_win.cc(73)] ReadMemory at 0x1de0771cc40 of 60 bytes failed: Seule une partie d’une requête ReadProcessMemory ou WriteProcessMemory a été effectuée. (0x12B)
[1111/225748.797:ERROR:process_memory_win.cc(73)] ReadMemory at 0x1de0771cc90 of 64 bytes failed: Seule une partie d’une requête ReadProcessMemory ou WriteProcessMemory a été effectuée. (0x12B)
[1111/225748.797:ERROR:process_memory_win.cc(73)] ReadMemory at 0x1de0771cce0 of 62 bytes failed: Seule une partie d’une requête ReadProcessMemory ou WriteProcessMemory a été effectuée. (0x12B)
[1111/225748.798:ERROR:process_memory_win.cc(73)] ReadMemory at 0x1de0771ce70 of 64 bytes failed: Seule une partie d’une requête ReadProcessMemory ou WriteProcessMemory a été effectuée. (0x12B)
[1111/225748.798:ERROR:process_memory_win.cc(73)] ReadMemory at 0x1de0771cec0 of 64 bytes failed: Seule une partie d’une requête ReadProcessMemory ou WriteProcessMemory a été effectuée. (0x12B)
[1111/225748.798:ERROR:process_memory_win.cc(73)] ReadMemory at 0x1de0771cf10 of 64 bytes failed: Seule une partie d’une requête ReadProcessMemory ou WriteProcessMemory a été effectuée. (0x12B)
[1111/225748.798:ERROR:process_memory_win.cc(73)] ReadMemory at 0x1de0771cfb0 of 66 bytes failed: Seule une partie d’une requête ReadProcessMemory ou WriteProcessMemory a été effectuée. (0x12B)
[1111/225748.798:ERROR:process_memory_win.cc(73)] ReadMemory at 0x1de0771d050 of 64 bytes failed: Seule une partie d’une requête ReadProcessMemory ou WriteProcessMemory a été effectuée. (0x12B)
[1111/225748.798:ERROR:process_memory_win.cc(73)] ReadMemory at 0x1de0771d0a0 of 62 bytes failed: Seule une partie d’une requête ReadProcessMemory ou WriteProcessMemory a été effectuée. (0x12B)
[1111/225748.798:ERROR:process_memory_win.cc(73)] ReadMemory at 0x1de0771d140 of 60 bytes failed: Seule une partie d’une requête ReadProcessMemory ou WriteProcessMemory a été effectuée. (0x12B)
[1111/225748.798:ERROR:process_memory_win.cc(73)] ReadMemory at 0x1de0771d1e0 of 64 bytes failed: Seule une partie d’une requête ReadProcessMemory ou WriteProcessMemory a été effectuée. (0x12B)
[1111/225748.798:ERROR:process_memory_win.cc(73)] ReadMemory at 0x1de0771d230 of 60 bytes failed: Seule une partie d’une requête ReadProcessMemory ou WriteProcessMemory a été effectuée. (0x12B)
[1111/225748.799:ERROR:process_memory_win.cc(73)] ReadMemory at 0x1de0771d280 of 62 bytes failed: Seule une partie d’une requête ReadProcessMemory ou WriteProcessMemory a été effectuée. (0x12B)
[1111/225748.799:ERROR:process_memory_win.cc(73)] ReadMemory at 0x1de0771d2d0 of 58 bytes failed: Seule une partie d’une requête ReadProcessMemory ou WriteProcessMemory a été effectuée. (0x12B)
[1111/225748.799:ERROR:process_memory_win.cc(73)] ReadMemory at 0x1de0771d320 of 64 bytes failed: Seule une partie d’une requête ReadProcessMemory ou WriteProcessMemory a été effectuée. (0x12B)
[1111/225748.799:ERROR:process_memory_win.cc(73)] ReadMemory at 0x1de0771d370 of 66 bytes failed: Seule une partie d’une requête ReadProcessMemory ou WriteProcessMemory a été effectuée. (0x12B)
[1111/225748.799:ERROR:process_memory_win.cc(73)] ReadMemory at 0x1de0771d3c0 of 64 bytes failed: Seule une partie d’une requête ReadProcessMemory ou WriteProcessMemory a été effectuée. (0x12B)
[1111/225748.799:ERROR:process_memory_win.cc(73)] ReadMemory at 0x1de0771d500 of 62 bytes failed: Seule une partie d’une requête ReadProcessMemory ou WriteProcessMemory a été effectuée. (0x12B)
[1111/225748.799:ERROR:process_memory_win.cc(73)] ReadMemory at 0x1de0771d550 of 62 bytes failed: Seule une partie d’une requête ReadProcessMemory ou WriteProcessMemory a été effectuée. (0x12B)
[1111/225748.800:ERROR:process_memory_win.cc(73)] ReadMemory at 0x1de0771d5a0 of 62 bytes failed: Seule une partie d’une requête ReadProcessMemory ou WriteProcessMemory a été effectuée. (0x12B)
[1111/225748.800:ERROR:process_memory_win.cc(73)] ReadMemory at 0x1de0771d5f0 of 60 bytes failed: Seule une partie d’une requête ReadProcessMemory ou WriteProcessMemory a été effectuée. (0x12B)
[1111/225748.800:ERROR:process_memory_win.cc(73)] ReadMemory at 0x1de0771d640 of 60 bytes failed: Seule une partie d’une requête ReadProcessMemory ou WriteProcessMemory a été effectuée. (0x12B)
[1111/225748.800:ERROR:process_memory_win.cc(73)] ReadMemory at 0x1de0771d730 of 62 bytes failed: Seule une partie d’une requête ReadProcessMemory ou WriteProcessMemory a été effectuée. (0x12B)
[1111/225748.800:ERROR:process_memory_win.cc(73)] ReadMemory at 0x1de07722850 of 132 bytes failed: Seule une partie d’une requête ReadProcessMemory ou WriteProcessMemory a été effectuée. (0x12B)
[1111/225748.800:ERROR:process_memory_win.cc(73)] ReadMemory at 0x1de07722c80 of 132 bytes failed: Seule une partie d’une requête ReadProcessMemory ou WriteProcessMemory a été effectuée. (0x12B)
[1111/225748.800:ERROR:process_memory_win.cc(73)] ReadMemory at 0x1de07724e90 of 146 bytes failed: Seule une partie d’une requête ReadProcessMemory ou WriteProcessMemory a été effectuée. (0x12B)
[1111/225748.800:ERROR:process_memory_win.cc(73)] ReadMemory at 0x1de07726d50 of 132 bytes failed: Seule une partie d’une requête ReadProcessMemory ou WriteProcessMemory a été effectuée. (0x12B)
[1111/225748.801:ERROR:process_memory_win.cc(73)] ReadMemory at 0x1de07726e80 of 132 bytes failed: Seule une partie d’une requête ReadProcessMemory ou WriteProcessMemory a été effectuée. (0x12B)
[1111/225748.801:ERROR:process_memory_win.cc(73)] ReadMemory at 0x1de07727000 of 132 bytes failed: Seule une partie d’une requête ReadProcessMemory ou WriteProcessMemory a été effectuée. (0x12B)
[1111/225748.801:ERROR:process_memory_win.cc(73)] ReadMemory at 0x1de07727390 of 132 bytes failed: Seule une partie d’une requête ReadProcessMemory ou WriteProcessMemory a été effectuée. (0x12B)
[1111/225748.801:ERROR:process_memory_win.cc(73)] ReadMemory at 0x1de077274c0 of 132 bytes failed: Seule une partie d’une requête ReadProcessMemory ou WriteProcessMemory a été effectuée. (0x12B)
[1111/225748.801:ERROR:process_memory_win.cc(73)] ReadMemory at 0x1de077275f0 of 132 bytes failed: Seule une partie d’une requête ReadProcessMemory ou WriteProcessMemory a été effectuée. (0x12B)
[1111/225748.801:ERROR:process_memory_win.cc(73)] ReadMemory at 0x1de07727850 of 132 bytes failed: Seule une partie d’une requête ReadProcessMemory ou WriteProcessMemory a été effectuée. (0x12B)
[1111/225748.801:ERROR:process_memory_win.cc(73)] ReadMemory at 0x1de07727ab0 of 132 bytes failed: Seule une partie d’une requête ReadProcessMemory ou WriteProcessMemory a été effectuée. (0x12B)
[1111/225748.801:ERROR:process_memory_win.cc(73)] ReadMemory at 0x1de07727be0 of 132 bytes failed: Seule une partie d’une requête ReadProcessMemory ou WriteProcessMemory a été effectuée. (0x12B)
[1111/225748.802:ERROR:process_memory_win.cc(73)] ReadMemory at 0x1de07727d10 of 132 bytes failed: Seule une partie d’une requête ReadProcessMemory ou WriteProcessMemory a été effectuée. (0x12B)
[1111/225748.863:ERROR:process_memory_win.cc(73)] ReadMemory at 0x1de07727e40 of 132 bytes failed: Seule une partie d’une requête ReadProcessMemory ou WriteProcessMemory a été effectuée. (0x12B)
[1111/225748.864:ERROR:process_memory_win.cc(73)] ReadMemory at 0x1de07727f70 of 132 bytes failed: Seule une partie d’une requête ReadProcessMemory ou WriteProcessMemory a été effectuée. (0x12B)
[1111/225748.864:ERROR:process_memory_win.cc(73)] ReadMemory at 0x1de077280a0 of 132 bytes failed: Seule une partie d’une requête ReadProcessMemory ou WriteProcessMemory a été effectuée. (0x12B)
[1111/225748.864:ERROR:process_memory_win.cc(73)] ReadMemory at 0x1de077287c0 of 132 bytes failed: Seule une partie d’une requête ReadProcessMemory ou WriteProcessMemory a été effectuée. (0x12B)
[1111/225748.865:ERROR:process_memory_win.cc(73)] ReadMemory at 0x1de077288f0 of 132 bytes failed: Seule une partie d’une requête ReadProcessMemory ou WriteProcessMemory a été effectuée. (0x12B)
[1111/225748.865:ERROR:process_memory_win.cc(73)] ReadMemory at 0x1de07728a20 of 132 bytes failed: Seule une partie d’une requête ReadProcessMemory ou WriteProcessMemory a été effectuée. (0x12B)
[1111/225748.865:ERROR:process_memory_win.cc(73)] ReadMemory at 0x1de07728b50 of 132 bytes failed: Seule une partie d’une requête ReadProcessMemory ou WriteProcessMemory a été effectuée. (0x12B)
[1111/225748.865:ERROR:process_memory_win.cc(73)] ReadMemory at 0x1de07728c80 of 132 bytes failed: Seule une partie d’une requête ReadProcessMemory ou WriteProcessMemory a été effectuée. (0x12B)
[1111/225748.865:ERROR:process_memory_win.cc(73)] ReadMemory at 0x1de07728db0 of 132 bytes failed: Seule une partie d’une requête ReadProcessMemory ou WriteProcessMemory a été effectuée. (0x12B)
[1111/225748.866:ERROR:process_memory_win.cc(73)] ReadMemory at 0x1de0772a340 of 58 bytes failed: Seule une partie d’une requête ReadProcessMemory ou WriteProcessMemory a été effectuée. (0x12B)
[1111/225748.866:ERROR:process_memory_win.cc(73)] ReadMemory at 0x1de07734360 of 58 bytes failed: Seule une partie d’une requête ReadProcessMemory ou WriteProcessMemory a été effectuée. (0x12B)
[1111/225748.867:ERROR:process_memory_win.cc(73)] ReadMemory at 0x1de07734450 of 58 bytes failed: Seule une partie d’une requête ReadProcessMemory ou WriteProcessMemory a été effectuée. (0x12B)
[1111/225748.867:ERROR:process_memory_win.cc(73)] ReadMemory at 0x1de07734540 of 60 bytes failed: Seule une partie d’une requête ReadProcessMemory ou WriteProcessMemory a été effectuée. (0x12B)
[1111/225748.867:ERROR:process_memory_win.cc(73)] ReadMemory at 0x1de07734630 of 66 bytes failed: Seule une partie d’une requête ReadProcessMemory ou WriteProcessMemory a été effectuée. (0x12B)
[1111/225748.867:ERROR:process_memory_win.cc(73)] ReadMemory at 0x1de07734680 of 60 bytes failed: Seule une partie d’une requête ReadProcessMemory ou WriteProcessMemory a été effectuée. (0x12B)
[1111/225748.867:ERROR:process_memory_win.cc(73)] ReadMemory at 0x1de07796af0 of 512 bytes failed: Seule une partie d’une requête ReadProcessMemory ou WriteProcessMemory a été effectuée. (0x12B)
[1111/225748.867:ERROR:process_memory_win.cc(73)] ReadMemory at 0x1de07798b30 of 560 bytes failed: Seule une partie d’une requête ReadProcessMemory ou WriteProcessMemory a été effectuée. (0x12B)
[1111/225748.868:ERROR:process_memory_win.cc(73)] ReadMemory at 0x1de077993e0 of 512 bytes failed: Seule une partie d’une requête ReadProcessMemory ou WriteProcessMemory a été effectuée. (0x12B)
[1111/225748.868:ERROR:process_memory_win.cc(73)] ReadMemory at 0x1de077a0e60 of 512 bytes failed: Seule une partie d’une requête ReadProcessMemory ou WriteProcessMemory a été effectuée. (0x12B)
[1111/225748.868:ERROR:process_memory_win.cc(73)] ReadMemory at 0x1de077aecf0 of 512 bytes failed: Seule une partie d’une requête ReadProcessMemory ou WriteProcessMemory a été effectuée. (0x12B)
[1111/225748.869:ERROR:process_memory_win.cc(73)] ReadMemory at 0x1de077bfa90 of 512 bytes failed: Seule une partie d’une requête ReadProcessMemory ou WriteProcessMemory a été effectuée. (0x12B)
[1111/225748.869:ERROR:process_memory_win.cc(73)] ReadMemory at 0x1de077c73d0 of 512 bytes failed: Seule une partie d’une requête ReadProcessMemory ou WriteProcessMemory a été effectuée. (0x12B)
[1111/225748.869:ERROR:process_memory_win.cc(73)] ReadMemory at 0x1de077d0810 of 712 bytes failed: Seule une partie d’une requête ReadProcessMemory ou WriteProcessMemory a été effectuée. (0x12B)
[1111/225748.869:ERROR:process_memory_win.cc(73)] ReadMemory at 0x1de077dc738 of 512 bytes failed: Seule une partie d’une requête ReadProcessMemory ou WriteProcessMemory a été effectuée. (0x12B)
[1111/225748.870:ERROR:process_memory_win.cc(73)] ReadMemory at 0x1de077dcbb8 of 512 bytes failed: Seule une partie d’une requête ReadProcessMemory ou WriteProcessMemory a été effectuée. (0x12B)
[1111/225748.871:ERROR:process_memory_win.cc(73)] ReadMemory at 0x1de077dddb8 of 512 bytes failed: Seule une partie d’une requête ReadProcessMemory ou WriteProcessMemory a été effectuée. (0x12B)
[1111/225748.872:ERROR:process_memory_win.cc(73)] ReadMemory at 0x1de077eb310 of 560 bytes failed: Seule une partie d’une requête ReadProcessMemory ou WriteProcessMemory a été effectuée. (0x12B)
[1111/225748.872:ERROR:process_memory_win.cc(73)] ReadMemory at 0x1de0939e9a8 of 512 bytes failed: Seule une partie d’une requête ReadProcessMemory ou WriteProcessMemory a été effectuée. (0x12B)
[1111/225748.872:ERROR:process_memory_win.cc(73)] ReadMemory at 0x1de093a0840 of 512 bytes failed: Seule une partie d’une requête ReadProcessMemory ou WriteProcessMemory a été effectuée. (0x12B)
[1111/225748.872:ERROR:process_memory_win.cc(73)] ReadMemory at 0x1de093bc946 of 908 bytes failed: Seule une partie d’une requête ReadProcessMemory ou WriteProcessMemory a été effectuée. (0x12B)
[1111/225748.872:ERROR:process_memory_win.cc(73)] ReadMemory at 0x1de097aff80 of 512 bytes failed: Seule une partie d’une requête ReadProcessMemory ou WriteProcessMemory a été effectuée. (0x12B)
[1111/225748.872:ERROR:process_memory_win.cc(73)] ReadMemory at 0x1de0a9b4f60 of 512 bytes failed: Seule une partie d’une requête ReadProcessMemory ou WriteProcessMemory a été effectuée. (0x12B)
[1111/225748.872:ERROR:process_memory_win.cc(73)] ReadMemory at 0x1de0b9fb510 of 512 bytes failed: Seule une partie d’une requête ReadProcessMemory ou WriteProcessMemory a été effectuée. (0x12B)
[1111/225748.872:ERROR:process_memory_win.cc(73)] ReadMemory at 0x1de0cfa1000 of 400 bytes failed: Seule une partie d’une requête ReadProcessMemory ou WriteProcessMemory a été effectuée. (0x12B)
[1111/225748.872:ERROR:process_memory_win.cc(73)] ReadMemory at 0x1de1295c2c0 of 512 bytes failed: Seule une partie d’une requête ReadProcessMemory ou WriteProcessMemory a été effectuée. (0x12B)
[1111/225748.873:ERROR:process_memory_win.cc(73)] ReadMemory at 0x107e00000000 of 384 bytes failed: Seule une partie d’une requête ReadProcessMemory ou WriteProcessMemory a été effectuée. (0x12B)
[1111/225748.873:ERROR:process_memory_win.cc(73)] ReadMemory at 0x107e0000a618 of 512 bytes failed: Seule une partie d’une requête ReadProcessMemory ou WriteProcessMemory a été effectuée. (0x12B)
[1111/225748.873:ERROR:process_memory_win.cc(73)] ReadMemory at 0x107e08453ac9 of 512 bytes failed: Seule une partie d’une requête ReadProcessMemory ou WriteProcessMemory a été effectuée. (0x12B)
[1111/225748.873:ERROR:process_memory_win.cc(73)] ReadMemory at 0x7fff7d4c4090 of 512 bytes failed: Seule une partie d’une requête ReadProcessMemory ou WriteProcessMemory a été effectuée. (0x12B)
[1111/225748.873:ERROR:process_memory_win.cc(73)] ReadMemory at 0x7fff801e18c1 of 512 bytes failed: Seule une partie d’une requête ReadProcessMemory ou WriteProcessMemory a été effectuée. (0x12B)
[1111/225748.873:ERROR:process_memory_win.cc(73)] ReadMemory at 0x7fff84f22af8 of 512 bytes failed: Seule une partie d’une requête ReadProcessMemory ou WriteProcessMemory a été effectuée. (0x12B)
[1111/225748.873:ERROR:process_memory_win.cc(73)] ReadMemory at 0x7fffb8ab5810 of 512 bytes failed: Seule une partie d’une requête ReadProcessMemory ou WriteProcessMemory a été effectuée. (0x12B)
[1111/225748.873:ERROR:process_memory_win.cc(73)] ReadMemory at 0x7fffb8ab5ed7 of 512 bytes failed: Seule une partie d’une requête ReadProcessMemory ou WriteProcessMemory a été effectuée. (0x12B)
[1111/225748.873:ERROR:process_memory_win.cc(73)] ReadMemory at 0x7ffff0ea1f80 of 512 bytes failed: Seule une partie d’une requête ReadProcessMemory ou WriteProcessMemory a été effectuée. (0x12B)
[1111/225748.873:ERROR:process_memory_win.cc(73)] ReadMemory at 0x7ffff1ffc074 of 672 bytes failed: Seule une partie d’une requête ReadProcessMemory ou WriteProcessMemory a été effectuée. (0x12B)
[1111/225748.874:ERROR:process_memory_win.cc(73)] ReadMemory at 0x7ffff1fff924 of 608 bytes failed: Seule une partie d’une requête ReadProcessMemory ou WriteProcessMemory a été effectuée. (0x12B)
[1111/225748.874:ERROR:process_memory_win.cc(73)] ReadMemory at 0x7ffff208c428 of 18 bytes failed: Seule une partie d’une requête ReadProcessMemory ou WriteProcessMemory a été effectuée. (0x12B)
[1111/225748.874:ERROR:process_memory_win.cc(73)] ReadMemory at 0x7ffff20bf4f8 of 40 bytes failed: Seule une partie d’une requête ReadProcessMemory ou WriteProcessMemory a été effectuée. (0x12B)
[1111/225748.876:ERROR:process_memory_win.cc(73)] ReadMemory at 0x7ffff20bf978 of 48 bytes failed: Seule une partie d’une requête ReadProcessMemory ou WriteProcessMemory a été effectuée. (0x12B)
[1111/225748.876:ERROR:process_memory_win.cc(73)] ReadMemory at 0x7ffff20c53c0 of 64 bytes failed: Seule une partie d’une requête ReadProcessMemory ou WriteProcessMemory a été effectuée. (0x12B)
[1111/225751.673:ERROR:scoped_process_suspend.cc(40)] NtResumeProcess: Tentative d’accès à un processus en cours d’arrêt. (0xc000010a)
